2026-02-21T16:11:46.961872Z [info     ] setup plugin alembic.autogenerate.schemas [alembic.runtime.plugins] loc=plugins.py:37
2026-02-21T16:11:46.962003Z [info     ] setup plugin alembic.autogenerate.tables [alembic.runtime.plugins] loc=plugins.py:37
2026-02-21T16:11:46.962053Z [info     ] setup plugin alembic.autogenerate.types [alembic.runtime.plugins] loc=plugins.py:37
2026-02-21T16:11:46.962090Z [info     ] setup plugin alembic.autogenerate.constraints [alembic.runtime.plugins] loc=plugins.py:37
2026-02-21T16:11:46.962121Z [info     ] setup plugin alembic.autogenerate.defaults [alembic.runtime.plugins] loc=plugins.py:37
2026-02-21T16:11:46.962151Z [info     ] setup plugin alembic.autogenerate.comments [alembic.runtime.plugins] loc=plugins.py:37

airflow command error: argument GROUP_OR_COMMAND: Command `airflow webserver` has been removed. Please use `airflow api-server`, see help above.
Usage: airflow [-h] GROUP_OR_COMMAND ...

Positional Arguments:
  GROUP_OR_COMMAND

    Groups
      assets            Manage assets
      backfill          Manage backfills
      config            View configuration
      connections       Manage connections
      dags              Manage DAGs
      db                Database operations
      db-manager        Manage externally connected database managers
      jobs              Manage jobs
      pools             Manage pools
      providers         Display providers
      tasks             Manage tasks
      variables         Manage variables

    Commands:
      api-server        Start an Airflow API server instance
      cheat-sheet       Display cheat sheet
      dag-processor     Start a dag processor instance
      info              Show information about current Airflow and environment
      kerberos          Start a kerberos ticket renewer
      plugins           Dump information about loaded plugins
      rotate-fernet-key
                        Rotate encrypted connection credentials and variables
      scheduler         Start a scheduler instance
      standalone        Run an all-in-one copy of Airflow
      triggerer         Start a triggerer instance
      version           Show the version

Options:
  -h, --help            show this help message and exit
