{"timestamp":"2026-02-23T04:09:54.826974Z","level":"info","event":"DAG bundles loaded: dags-folder","logger":"airflow.dag_processing.bundles.manager.DagBundlesManager","filename":"manager.py","lineno":179}
{"timestamp":"2026-02-23T04:09:54.827414Z","level":"info","event":"Filling up the DagBag from /Users/ndaident/Desktop/Airflow_Automation/airflow_home/dags/extraction_dag.py","logger":"airflow.models.dagbag.BundleDagBag","filename":"dagbag.py","lineno":593}
{"timestamp":"2026-02-23T04:09:55.219384Z","level":"info","event":"Snowflake Connector for Python Version: 4.3.0, Python Version: 3.13.11, Platform: macOS-15.4.1-arm64-arm-64bit-Mach-O","logger":"snowflake.connector.connection","filename":"connection.py","lineno":613}
{"timestamp":"2026-02-23T04:09:55.219680Z","level":"info","event":"Connecting to GLOBAL Snowflake domain","logger":"snowflake.connector.connection","filename":"connection.py","lineno":1709}
{"timestamp":"2026-02-23T04:09:57.229569Z","level":"info","event":"Snowflake Connector for Python Version: 4.3.0, Python Version: 3.13.11, Platform: macOS-15.4.1-arm64-arm-64bit-Mach-O","logger":"snowflake.connector.connection","filename":"connection.py","lineno":613}
{"timestamp":"2026-02-23T04:09:57.229839Z","level":"info","event":"Connecting to GLOBAL Snowflake domain","logger":"snowflake.connector.connection","filename":"connection.py","lineno":1709}
{"timestamp":"2026-02-23T04:09:59.083097Z","level":"info","event":"Snowflake Connector for Python Version: 4.3.0, Python Version: 3.13.11, Platform: macOS-15.4.1-arm64-arm-64bit-Mach-O","logger":"snowflake.connector.connection","filename":"connection.py","lineno":613}
{"timestamp":"2026-02-23T04:09:59.083328Z","level":"info","event":"Connecting to GLOBAL Snowflake domain","logger":"snowflake.connector.connection","filename":"connection.py","lineno":1709}
{"timestamp":"2026-02-23T04:10:01.015413Z","level":"info","event":"Snowflake Connector for Python Version: 4.3.0, Python Version: 3.13.11, Platform: macOS-15.4.1-arm64-arm-64bit-Mach-O","logger":"snowflake.connector.connection","filename":"connection.py","lineno":613}
{"timestamp":"2026-02-23T04:10:01.015632Z","level":"info","event":"Connecting to GLOBAL Snowflake domain","logger":"snowflake.connector.connection","filename":"connection.py","lineno":1709}
{"timestamp":"2026-02-23T04:10:02.840741Z","level":"info","event":"Snowflake Connector for Python Version: 4.3.0, Python Version: 3.13.11, Platform: macOS-15.4.1-arm64-arm-64bit-Mach-O","logger":"snowflake.connector.connection","filename":"connection.py","lineno":613}
{"timestamp":"2026-02-23T04:10:02.840909Z","level":"info","event":"Connecting to GLOBAL Snowflake domain","logger":"snowflake.connector.connection","filename":"connection.py","lineno":1709}
{"timestamp":"2026-02-23T04:10:06.813603Z","level":"info","event":"Snowflake Connector for Python Version: 4.3.0, Python Version: 3.13.11, Platform: macOS-15.4.1-arm64-arm-64bit-Mach-O","logger":"snowflake.connector.connection","filename":"connection.py","lineno":613}
{"timestamp":"2026-02-23T04:10:06.813808Z","level":"info","event":"Connecting to GLOBAL Snowflake domain","logger":"snowflake.connector.connection","filename":"connection.py","lineno":1709}
{"timestamp":"2026-02-23T04:10:09.671653Z","level":"info","event":"Snowflake Connector for Python Version: 4.3.0, Python Version: 3.13.11, Platform: macOS-15.4.1-arm64-arm-64bit-Mach-O","logger":"snowflake.connector.connection","filename":"connection.py","lineno":613}
{"timestamp":"2026-02-23T04:10:09.671868Z","level":"info","event":"Connecting to GLOBAL Snowflake domain","logger":"snowflake.connector.connection","filename":"connection.py","lineno":1709}
{"timestamp":"2026-02-23T04:10:11.579983Z","level":"info","event":"Snowflake Connector for Python Version: 4.3.0, Python Version: 3.13.11, Platform: macOS-15.4.1-arm64-arm-64bit-Mach-O","logger":"snowflake.connector.connection","filename":"connection.py","lineno":613}
{"timestamp":"2026-02-23T04:10:11.580218Z","level":"info","event":"Connecting to GLOBAL Snowflake domain","logger":"snowflake.connector.connection","filename":"connection.py","lineno":1709}
{"timestamp":"2026-02-23T04:10:13.455800Z","level":"info","event":"Snowflake Connector for Python Version: 4.3.0, Python Version: 3.13.11, Platform: macOS-15.4.1-arm64-arm-64bit-Mach-O","logger":"snowflake.connector.connection","filename":"connection.py","lineno":613}
{"timestamp":"2026-02-23T04:10:13.456017Z","level":"info","event":"Connecting to GLOBAL Snowflake domain","logger":"snowflake.connector.connection","filename":"connection.py","lineno":1709}
{"timestamp":"2026-02-23T04:10:15.847350Z","level":"info","event":"Snowflake Connector for Python Version: 4.3.0, Python Version: 3.13.11, Platform: macOS-15.4.1-arm64-arm-64bit-Mach-O","logger":"snowflake.connector.connection","filename":"connection.py","lineno":613}
{"timestamp":"2026-02-23T04:10:15.847602Z","level":"info","event":"Connecting to GLOBAL Snowflake domain","logger":"snowflake.connector.connection","filename":"connection.py","lineno":1709}
{"timestamp":"2026-02-23T04:10:17.713876Z","level":"info","event":"Snowflake Connector for Python Version: 4.3.0, Python Version: 3.13.11, Platform: macOS-15.4.1-arm64-arm-64bit-Mach-O","logger":"snowflake.connector.connection","filename":"connection.py","lineno":613}
{"timestamp":"2026-02-23T04:10:17.714080Z","level":"info","event":"Connecting to GLOBAL Snowflake domain","logger":"snowflake.connector.connection","filename":"connection.py","lineno":1709}
{"timestamp":"2026-02-23T04:10:20.144641Z","level":"info","event":"Snowflake Connector for Python Version: 4.3.0, Python Version: 3.13.11, Platform: macOS-15.4.1-arm64-arm-64bit-Mach-O","logger":"snowflake.connector.connection","filename":"connection.py","lineno":613}
{"timestamp":"2026-02-23T04:10:20.144854Z","level":"info","event":"Connecting to GLOBAL Snowflake domain","logger":"snowflake.connector.connection","filename":"connection.py","lineno":1709}
{"timestamp":"2026-02-23T04:10:22.670495Z","level":"info","event":"Snowflake Connector for Python Version: 4.3.0, Python Version: 3.13.11, Platform: macOS-15.4.1-arm64-arm-64bit-Mach-O","logger":"snowflake.connector.connection","filename":"connection.py","lineno":613}
{"timestamp":"2026-02-23T04:10:22.670695Z","level":"info","event":"Connecting to GLOBAL Snowflake domain","logger":"snowflake.connector.connection","filename":"connection.py","lineno":1709}
{"timestamp":"2026-02-23T04:10:24.576785Z","level":"info","event":"Snowflake Connector for Python Version: 4.3.0, Python Version: 3.13.11, Platform: macOS-15.4.1-arm64-arm-64bit-Mach-O","logger":"snowflake.connector.connection","filename":"connection.py","lineno":613}
{"timestamp":"2026-02-23T04:10:24.577006Z","level":"info","event":"Connecting to GLOBAL Snowflake domain","logger":"snowflake.connector.connection","filename":"connection.py","lineno":1709}
{"timestamp":"2026-02-23T04:10:26.516029Z","level":"info","event":"Snowflake Connector for Python Version: 4.3.0, Python Version: 3.13.11, Platform: macOS-15.4.1-arm64-arm-64bit-Mach-O","logger":"snowflake.connector.connection","filename":"connection.py","lineno":613}
{"timestamp":"2026-02-23T04:10:26.516231Z","level":"info","event":"Connecting to GLOBAL Snowflake domain","logger":"snowflake.connector.connection","filename":"connection.py","lineno":1709}
{"timestamp":"2026-02-23T04:10:28.322261Z","level":"info","event":"Snowflake Connector for Python Version: 4.3.0, Python Version: 3.13.11, Platform: macOS-15.4.1-arm64-arm-64bit-Mach-O","logger":"snowflake.connector.connection","filename":"connection.py","lineno":613}
{"timestamp":"2026-02-23T04:10:28.322500Z","level":"info","event":"Connecting to GLOBAL Snowflake domain","logger":"snowflake.connector.connection","filename":"connection.py","lineno":1709}
{"timestamp":"2026-02-23T04:10:32.082055Z","level":"info","event":"Snowflake Connector for Python Version: 4.3.0, Python Version: 3.13.11, Platform: macOS-15.4.1-arm64-arm-64bit-Mach-O","logger":"snowflake.connector.connection","filename":"connection.py","lineno":613}
{"timestamp":"2026-02-23T04:10:32.082254Z","level":"info","event":"Connecting to GLOBAL Snowflake domain","logger":"snowflake.connector.connection","filename":"connection.py","lineno":1709}
{"timestamp":"2026-02-23T04:10:34.384925Z","level":"info","event":"Snowflake Connector for Python Version: 4.3.0, Python Version: 3.13.11, Platform: macOS-15.4.1-arm64-arm-64bit-Mach-O","logger":"snowflake.connector.connection","filename":"connection.py","lineno":613}
{"timestamp":"2026-02-23T04:10:34.385155Z","level":"info","event":"Connecting to GLOBAL Snowflake domain","logger":"snowflake.connector.connection","filename":"connection.py","lineno":1709}
{"timestamp":"2026-02-23T04:10:36.183120Z","level":"info","event":"Snowflake Connector for Python Version: 4.3.0, Python Version: 3.13.11, Platform: macOS-15.4.1-arm64-arm-64bit-Mach-O","logger":"snowflake.connector.connection","filename":"connection.py","lineno":613}
{"timestamp":"2026-02-23T04:10:36.183352Z","level":"info","event":"Connecting to GLOBAL Snowflake domain","logger":"snowflake.connector.connection","filename":"connection.py","lineno":1709}
{"timestamp":"2026-02-23T04:10:37.955230Z","level":"info","event":"Snowflake Connector for Python Version: 4.3.0, Python Version: 3.13.11, Platform: macOS-15.4.1-arm64-arm-64bit-Mach-O","logger":"snowflake.connector.connection","filename":"connection.py","lineno":613}
{"timestamp":"2026-02-23T04:10:37.955432Z","level":"info","event":"Connecting to GLOBAL Snowflake domain","logger":"snowflake.connector.connection","filename":"connection.py","lineno":1709}
{"timestamp":"2026-02-23T04:10:39.734384Z","level":"info","event":"Done. Returned value was: {'total': 20, 'success': [{'table': 'PATIENTRCNSRCATTRVAL', 'rows_inserted': 60}, {'table': 'PATIENTRISKCONDITION', 'rows_inserted': 28}, {'table': 'PATIENTSNOMEDPROBLEM', 'rows_inserted': 369}, {'table': 'PATIENTSNOMEDPROBLEMAUDR', 'rows_inserted': 127}, {'table': 'PATIENTSOCIALHISTORY', 'rows_inserted': 1735}, {'table': 'PATIENTSTATEMENT', 'rows_inserted': 174}, {'table': 'PATIENTSURGERY', 'rows_inserted': 243}, {'table': 'PATIENTSURGICALHISTORY', 'rows_inserted': 111}, {'table': 'PATIENTTRIBALAFFILIATION', 'rows_inserted': 41}, {'table': 'PATIENTVACCINE', 'rows_inserted': 553}], 'failed': [], 'no_data': ['PATIENTRISKCONTRACT', 'PATIENTROUNDINGLIST', 'PATIENTSATISFACTIONAUDR', 'PATIENTSATISFACTIONRESULT', 'PATIENTSIMPLEHISTORY', 'PATIENTSNOMEDICD10', 'PATIENTSTATUSCODE', 'PATMSGEMAILSETTING', 'PATMSGEMAILSETTINGAUDR', 'PATMSGGCSETTING']}","logger":"airflow.task.operators.airflow.providers.standard.decorators.python._PythonDecoratedOperator","filename":"python.py","lineno":230}
{"timestamp":"2026-02-23T04:10:39.734569Z","level":"info","event":"Pushing xcom","ti":"RuntimeTaskInstance(id=UUID('019c88a9-052e-7d50-a811-cb14dd748174'), task_id='extract_batch', dag_id='snowflake_incremental_extraction', run_id='manual__2026-02-23T04:01:35.089295+00:00', try_number=1, dag_version_id=UUID('019c88a7-ba07-7776-b5d2-771d2921abd7'), map_index=27, hostname='ndais-mac-studio.local', context_carrier={}, task=<Task(_PythonDecoratedOperator): extract_batch>, bundle_instance=LocalDagBundle(name=dags-folder), max_tries=0, start_date=datetime.datetime(2026, 2, 23, 4, 9, 54, 808970, tzinfo=datetime.timezone.utc), end_date=None, state=<TaskInstanceState.RUNNING: 'running'>, is_mapped=True, rendered_map_index=None)","logger":"task","filename":"task_runner.py","lineno":1522}
