{"timestamp":"2026-02-23T04:01:44.338736Z","level":"info","event":"DAG bundles loaded: dags-folder","logger":"airflow.dag_processing.bundles.manager.DagBundlesManager","filename":"manager.py","lineno":179}
{"timestamp":"2026-02-23T04:01:44.339173Z","level":"info","event":"Filling up the DagBag from /Users/ndaident/Desktop/Airflow_Automation/airflow_home/dags/extraction_dag.py","logger":"airflow.models.dagbag.BundleDagBag","filename":"dagbag.py","lineno":593}
{"timestamp":"2026-02-23T04:01:44.761477Z","level":"info","event":"Snowflake Connector for Python Version: 4.3.0, Python Version: 3.13.11, Platform: macOS-15.4.1-arm64-arm-64bit-Mach-O","logger":"snowflake.connector.connection","filename":"connection.py","lineno":613}
{"timestamp":"2026-02-23T04:01:44.761769Z","level":"info","event":"Connecting to GLOBAL Snowflake domain","logger":"snowflake.connector.connection","filename":"connection.py","lineno":1709}
{"timestamp":"2026-02-23T04:01:48.902394Z","level":"info","event":"Snowflake Connector for Python Version: 4.3.0, Python Version: 3.13.11, Platform: macOS-15.4.1-arm64-arm-64bit-Mach-O","logger":"snowflake.connector.connection","filename":"connection.py","lineno":613}
{"timestamp":"2026-02-23T04:01:48.902608Z","level":"info","event":"Connecting to GLOBAL Snowflake domain","logger":"snowflake.connector.connection","filename":"connection.py","lineno":1709}
{"timestamp":"2026-02-23T04:01:52.653064Z","level":"info","event":"Snowflake Connector for Python Version: 4.3.0, Python Version: 3.13.11, Platform: macOS-15.4.1-arm64-arm-64bit-Mach-O","logger":"snowflake.connector.connection","filename":"connection.py","lineno":613}
{"timestamp":"2026-02-23T04:01:52.653283Z","level":"info","event":"Connecting to GLOBAL Snowflake domain","logger":"snowflake.connector.connection","filename":"connection.py","lineno":1709}
{"timestamp":"2026-02-23T04:01:56.953258Z","level":"info","event":"Snowflake Connector for Python Version: 4.3.0, Python Version: 3.13.11, Platform: macOS-15.4.1-arm64-arm-64bit-Mach-O","logger":"snowflake.connector.connection","filename":"connection.py","lineno":613}
{"timestamp":"2026-02-23T04:01:56.953479Z","level":"info","event":"Connecting to GLOBAL Snowflake domain","logger":"snowflake.connector.connection","filename":"connection.py","lineno":1709}
{"timestamp":"2026-02-23T04:01:59.008275Z","level":"info","event":"Snowflake Connector for Python Version: 4.3.0, Python Version: 3.13.11, Platform: macOS-15.4.1-arm64-arm-64bit-Mach-O","logger":"snowflake.connector.connection","filename":"connection.py","lineno":613}
{"timestamp":"2026-02-23T04:01:59.008470Z","level":"info","event":"Connecting to GLOBAL Snowflake domain","logger":"snowflake.connector.connection","filename":"connection.py","lineno":1709}
{"timestamp":"2026-02-23T04:02:01.274538Z","level":"info","event":"Snowflake Connector for Python Version: 4.3.0, Python Version: 3.13.11, Platform: macOS-15.4.1-arm64-arm-64bit-Mach-O","logger":"snowflake.connector.connection","filename":"connection.py","lineno":613}
{"timestamp":"2026-02-23T04:02:01.274868Z","level":"info","event":"Connecting to GLOBAL Snowflake domain","logger":"snowflake.connector.connection","filename":"connection.py","lineno":1709}
{"timestamp":"2026-02-23T04:02:03.288603Z","level":"info","event":"Snowflake Connector for Python Version: 4.3.0, Python Version: 3.13.11, Platform: macOS-15.4.1-arm64-arm-64bit-Mach-O","logger":"snowflake.connector.connection","filename":"connection.py","lineno":613}
{"timestamp":"2026-02-23T04:02:03.288835Z","level":"info","event":"Connecting to GLOBAL Snowflake domain","logger":"snowflake.connector.connection","filename":"connection.py","lineno":1709}
{"timestamp":"2026-02-23T04:02:06.323395Z","level":"info","event":"Snowflake Connector for Python Version: 4.3.0, Python Version: 3.13.11, Platform: macOS-15.4.1-arm64-arm-64bit-Mach-O","logger":"snowflake.connector.connection","filename":"connection.py","lineno":613}
{"timestamp":"2026-02-23T04:02:06.323639Z","level":"info","event":"Connecting to GLOBAL Snowflake domain","logger":"snowflake.connector.connection","filename":"connection.py","lineno":1709}
{"timestamp":"2026-02-23T04:02:10.232723Z","level":"info","event":"Snowflake Connector for Python Version: 4.3.0, Python Version: 3.13.11, Platform: macOS-15.4.1-arm64-arm-64bit-Mach-O","logger":"snowflake.connector.connection","filename":"connection.py","lineno":613}
{"timestamp":"2026-02-23T04:02:10.232945Z","level":"info","event":"Connecting to GLOBAL Snowflake domain","logger":"snowflake.connector.connection","filename":"connection.py","lineno":1709}
{"timestamp":"2026-02-23T04:02:13.222355Z","level":"info","event":"Snowflake Connector for Python Version: 4.3.0, Python Version: 3.13.11, Platform: macOS-15.4.1-arm64-arm-64bit-Mach-O","logger":"snowflake.connector.connection","filename":"connection.py","lineno":613}
{"timestamp":"2026-02-23T04:02:13.222584Z","level":"info","event":"Connecting to GLOBAL Snowflake domain","logger":"snowflake.connector.connection","filename":"connection.py","lineno":1709}
{"timestamp":"2026-02-23T04:02:16.396359Z","level":"info","event":"Snowflake Connector for Python Version: 4.3.0, Python Version: 3.13.11, Platform: macOS-15.4.1-arm64-arm-64bit-Mach-O","logger":"snowflake.connector.connection","filename":"connection.py","lineno":613}
{"timestamp":"2026-02-23T04:02:16.396593Z","level":"info","event":"Connecting to GLOBAL Snowflake domain","logger":"snowflake.connector.connection","filename":"connection.py","lineno":1709}
{"timestamp":"2026-02-23T04:02:18.343813Z","level":"info","event":"Snowflake Connector for Python Version: 4.3.0, Python Version: 3.13.11, Platform: macOS-15.4.1-arm64-arm-64bit-Mach-O","logger":"snowflake.connector.connection","filename":"connection.py","lineno":613}
{"timestamp":"2026-02-23T04:02:18.344010Z","level":"info","event":"Connecting to GLOBAL Snowflake domain","logger":"snowflake.connector.connection","filename":"connection.py","lineno":1709}
{"timestamp":"2026-02-23T04:02:20.291384Z","level":"info","event":"Snowflake Connector for Python Version: 4.3.0, Python Version: 3.13.11, Platform: macOS-15.4.1-arm64-arm-64bit-Mach-O","logger":"snowflake.connector.connection","filename":"connection.py","lineno":613}
{"timestamp":"2026-02-23T04:02:20.291597Z","level":"info","event":"Connecting to GLOBAL Snowflake domain","logger":"snowflake.connector.connection","filename":"connection.py","lineno":1709}
{"timestamp":"2026-02-23T04:02:22.723880Z","level":"info","event":"Snowflake Connector for Python Version: 4.3.0, Python Version: 3.13.11, Platform: macOS-15.4.1-arm64-arm-64bit-Mach-O","logger":"snowflake.connector.connection","filename":"connection.py","lineno":613}
{"timestamp":"2026-02-23T04:02:22.724115Z","level":"info","event":"Connecting to GLOBAL Snowflake domain","logger":"snowflake.connector.connection","filename":"connection.py","lineno":1709}
{"timestamp":"2026-02-23T04:02:25.994906Z","level":"info","event":"Snowflake Connector for Python Version: 4.3.0, Python Version: 3.13.11, Platform: macOS-15.4.1-arm64-arm-64bit-Mach-O","logger":"snowflake.connector.connection","filename":"connection.py","lineno":613}
{"timestamp":"2026-02-23T04:02:25.995121Z","level":"info","event":"Connecting to GLOBAL Snowflake domain","logger":"snowflake.connector.connection","filename":"connection.py","lineno":1709}
{"timestamp":"2026-02-23T04:02:27.919661Z","level":"info","event":"Snowflake Connector for Python Version: 4.3.0, Python Version: 3.13.11, Platform: macOS-15.4.1-arm64-arm-64bit-Mach-O","logger":"snowflake.connector.connection","filename":"connection.py","lineno":613}
{"timestamp":"2026-02-23T04:02:27.919890Z","level":"info","event":"Connecting to GLOBAL Snowflake domain","logger":"snowflake.connector.connection","filename":"connection.py","lineno":1709}
{"timestamp":"2026-02-23T04:02:29.861580Z","level":"info","event":"Snowflake Connector for Python Version: 4.3.0, Python Version: 3.13.11, Platform: macOS-15.4.1-arm64-arm-64bit-Mach-O","logger":"snowflake.connector.connection","filename":"connection.py","lineno":613}
{"timestamp":"2026-02-23T04:02:29.861804Z","level":"info","event":"Connecting to GLOBAL Snowflake domain","logger":"snowflake.connector.connection","filename":"connection.py","lineno":1709}
{"timestamp":"2026-02-23T04:02:31.801285Z","level":"info","event":"Snowflake Connector for Python Version: 4.3.0, Python Version: 3.13.11, Platform: macOS-15.4.1-arm64-arm-64bit-Mach-O","logger":"snowflake.connector.connection","filename":"connection.py","lineno":613}
{"timestamp":"2026-02-23T04:02:31.801517Z","level":"info","event":"Connecting to GLOBAL Snowflake domain","logger":"snowflake.connector.connection","filename":"connection.py","lineno":1709}
{"timestamp":"2026-02-23T04:02:35.787860Z","level":"info","event":"Snowflake Connector for Python Version: 4.3.0, Python Version: 3.13.11, Platform: macOS-15.4.1-arm64-arm-64bit-Mach-O","logger":"snowflake.connector.connection","filename":"connection.py","lineno":613}
{"timestamp":"2026-02-23T04:02:35.788077Z","level":"info","event":"Connecting to GLOBAL Snowflake domain","logger":"snowflake.connector.connection","filename":"connection.py","lineno":1709}
{"timestamp":"2026-02-23T04:02:38.889448Z","level":"info","event":"Snowflake Connector for Python Version: 4.3.0, Python Version: 3.13.11, Platform: macOS-15.4.1-arm64-arm-64bit-Mach-O","logger":"snowflake.connector.connection","filename":"connection.py","lineno":613}
{"timestamp":"2026-02-23T04:02:38.889635Z","level":"info","event":"Connecting to GLOBAL Snowflake domain","logger":"snowflake.connector.connection","filename":"connection.py","lineno":1709}
{"timestamp":"2026-02-23T04:02:41.091536Z","level":"info","event":"Done. Returned value was: {'total': 20, 'success': [{'table': 'APPOINTMENT', 'rows_inserted': 2098}, {'table': 'APPOINTMENTAUDIT', 'rows_inserted': 25765}, {'table': 'APPOINTMENTCOMMUNICATOR', 'rows_inserted': 44}, {'table': 'APPOINTMENTELIGIBILITYINFO', 'rows_inserted': 435}, {'table': 'APPOINTMENTNOTE', 'rows_inserted': 1375}, {'table': 'APPOINTMENTTICKLER', 'rows_inserted': 307}, {'table': 'APPOINTMENTTICKLERAUDR', 'rows_inserted': 2512}], 'failed': [], 'no_data': ['ANSISPECIALTY', 'APPOINTMENTCANCELREASON', 'APPOINTMENTCONFIRMATION', 'APPOINTMENTLIMIT', 'APPOINTMENTLIMITTIMERANGE', 'APPOINTMENTRECORDNUMBER', 'APPOINTMENTSLOTFREEZEREASON', 'APPOINTMENTTYPE', 'APPOINTMENTTYPEAUDR', 'APPOINTMENTTYPECLASS', 'APPOINTMENTTYPEFILTER', 'APPOINTMENTTYPEFILTERTYPE', 'APPOINTMENTTYPEMATRIX']}","logger":"airflow.task.operators.airflow.providers.standard.decorators.python._PythonDecoratedOperator","filename":"python.py","lineno":230}
{"timestamp":"2026-02-23T04:02:41.091702Z","level":"info","event":"Pushing xcom","ti":"RuntimeTaskInstance(id=UUID('019c88a9-045f-7768-b9fe-4b056cc099d7'), task_id='extract_batch', dag_id='snowflake_incremental_extraction', run_id='manual__2026-02-22T08:16:31.695327+00:00', try_number=1, dag_version_id=UUID('019c88a7-ba07-7776-b5d2-771d2921abd7'), map_index=1, hostname='ndais-mac-studio.local', context_carrier={}, task=<Task(_PythonDecoratedOperator): extract_batch>, bundle_instance=LocalDagBundle(name=dags-folder), max_tries=0, start_date=datetime.datetime(2026, 2, 23, 4, 1, 44, 316597, tzinfo=datetime.timezone.utc), end_date=None, state=<TaskInstanceState.RUNNING: 'running'>, is_mapped=True, rendered_map_index=None)","logger":"task","filename":"task_runner.py","lineno":1522}
