{"timestamp":"2026-02-23T04:11:24.768320Z","level":"info","event":"DAG bundles loaded: dags-folder","logger":"airflow.dag_processing.bundles.manager.DagBundlesManager","filename":"manager.py","lineno":179}
{"timestamp":"2026-02-23T04:11:24.768781Z","level":"info","event":"Filling up the DagBag from /Users/ndaident/Desktop/Airflow_Automation/airflow_home/dags/extraction_dag.py","logger":"airflow.models.dagbag.BundleDagBag","filename":"dagbag.py","lineno":593}
{"timestamp":"2026-02-23T04:11:25.163496Z","level":"info","event":"Snowflake Connector for Python Version: 4.3.0, Python Version: 3.13.11, Platform: macOS-15.4.1-arm64-arm-64bit-Mach-O","logger":"snowflake.connector.connection","filename":"connection.py","lineno":613}
{"timestamp":"2026-02-23T04:11:25.163767Z","level":"info","event":"Connecting to GLOBAL Snowflake domain","logger":"snowflake.connector.connection","filename":"connection.py","lineno":1709}
{"timestamp":"2026-02-23T04:11:27.145727Z","level":"info","event":"Snowflake Connector for Python Version: 4.3.0, Python Version: 3.13.11, Platform: macOS-15.4.1-arm64-arm-64bit-Mach-O","logger":"snowflake.connector.connection","filename":"connection.py","lineno":613}
{"timestamp":"2026-02-23T04:11:27.146026Z","level":"info","event":"Connecting to GLOBAL Snowflake domain","logger":"snowflake.connector.connection","filename":"connection.py","lineno":1709}
{"timestamp":"2026-02-23T04:11:29.517273Z","level":"info","event":"Snowflake Connector for Python Version: 4.3.0, Python Version: 3.13.11, Platform: macOS-15.4.1-arm64-arm-64bit-Mach-O","logger":"snowflake.connector.connection","filename":"connection.py","lineno":613}
{"timestamp":"2026-02-23T04:11:29.517475Z","level":"info","event":"Connecting to GLOBAL Snowflake domain","logger":"snowflake.connector.connection","filename":"connection.py","lineno":1709}
{"timestamp":"2026-02-23T04:11:31.981176Z","level":"info","event":"Snowflake Connector for Python Version: 4.3.0, Python Version: 3.13.11, Platform: macOS-15.4.1-arm64-arm-64bit-Mach-O","logger":"snowflake.connector.connection","filename":"connection.py","lineno":613}
{"timestamp":"2026-02-23T04:11:31.981379Z","level":"info","event":"Connecting to GLOBAL Snowflake domain","logger":"snowflake.connector.connection","filename":"connection.py","lineno":1709}
{"timestamp":"2026-02-23T04:11:33.843519Z","level":"info","event":"Snowflake Connector for Python Version: 4.3.0, Python Version: 3.13.11, Platform: macOS-15.4.1-arm64-arm-64bit-Mach-O","logger":"snowflake.connector.connection","filename":"connection.py","lineno":613}
{"timestamp":"2026-02-23T04:11:33.843742Z","level":"info","event":"Connecting to GLOBAL Snowflake domain","logger":"snowflake.connector.connection","filename":"connection.py","lineno":1709}
{"timestamp":"2026-02-23T04:11:35.684898Z","level":"info","event":"Snowflake Connector for Python Version: 4.3.0, Python Version: 3.13.11, Platform: macOS-15.4.1-arm64-arm-64bit-Mach-O","logger":"snowflake.connector.connection","filename":"connection.py","lineno":613}
{"timestamp":"2026-02-23T04:11:35.685128Z","level":"info","event":"Connecting to GLOBAL Snowflake domain","logger":"snowflake.connector.connection","filename":"connection.py","lineno":1709}
{"timestamp":"2026-02-23T04:11:37.555994Z","level":"info","event":"Snowflake Connector for Python Version: 4.3.0, Python Version: 3.13.11, Platform: macOS-15.4.1-arm64-arm-64bit-Mach-O","logger":"snowflake.connector.connection","filename":"connection.py","lineno":613}
{"timestamp":"2026-02-23T04:11:37.556220Z","level":"info","event":"Connecting to GLOBAL Snowflake domain","logger":"snowflake.connector.connection","filename":"connection.py","lineno":1709}
{"timestamp":"2026-02-23T04:11:39.356668Z","level":"info","event":"Snowflake Connector for Python Version: 4.3.0, Python Version: 3.13.11, Platform: macOS-15.4.1-arm64-arm-64bit-Mach-O","logger":"snowflake.connector.connection","filename":"connection.py","lineno":613}
{"timestamp":"2026-02-23T04:11:39.356881Z","level":"info","event":"Connecting to GLOBAL Snowflake domain","logger":"snowflake.connector.connection","filename":"connection.py","lineno":1709}
{"timestamp":"2026-02-23T04:11:41.120973Z","level":"info","event":"Snowflake Connector for Python Version: 4.3.0, Python Version: 3.13.11, Platform: macOS-15.4.1-arm64-arm-64bit-Mach-O","logger":"snowflake.connector.connection","filename":"connection.py","lineno":613}
{"timestamp":"2026-02-23T04:11:41.121160Z","level":"info","event":"Connecting to GLOBAL Snowflake domain","logger":"snowflake.connector.connection","filename":"connection.py","lineno":1709}
{"timestamp":"2026-02-23T04:11:42.985457Z","level":"info","event":"Snowflake Connector for Python Version: 4.3.0, Python Version: 3.13.11, Platform: macOS-15.4.1-arm64-arm-64bit-Mach-O","logger":"snowflake.connector.connection","filename":"connection.py","lineno":613}
{"timestamp":"2026-02-23T04:11:42.985663Z","level":"info","event":"Connecting to GLOBAL Snowflake domain","logger":"snowflake.connector.connection","filename":"connection.py","lineno":1709}
{"timestamp":"2026-02-23T04:11:46.811361Z","level":"info","event":"Snowflake Connector for Python Version: 4.3.0, Python Version: 3.13.11, Platform: macOS-15.4.1-arm64-arm-64bit-Mach-O","logger":"snowflake.connector.connection","filename":"connection.py","lineno":613}
{"timestamp":"2026-02-23T04:11:46.811587Z","level":"info","event":"Connecting to GLOBAL Snowflake domain","logger":"snowflake.connector.connection","filename":"connection.py","lineno":1709}
{"timestamp":"2026-02-23T04:11:52.063491Z","level":"info","event":"Snowflake Connector for Python Version: 4.3.0, Python Version: 3.13.11, Platform: macOS-15.4.1-arm64-arm-64bit-Mach-O","logger":"snowflake.connector.connection","filename":"connection.py","lineno":613}
{"timestamp":"2026-02-23T04:11:52.063683Z","level":"info","event":"Connecting to GLOBAL Snowflake domain","logger":"snowflake.connector.connection","filename":"connection.py","lineno":1709}
{"timestamp":"2026-02-23T04:11:54.360562Z","level":"info","event":"Snowflake Connector for Python Version: 4.3.0, Python Version: 3.13.11, Platform: macOS-15.4.1-arm64-arm-64bit-Mach-O","logger":"snowflake.connector.connection","filename":"connection.py","lineno":613}
{"timestamp":"2026-02-23T04:11:54.360798Z","level":"info","event":"Connecting to GLOBAL Snowflake domain","logger":"snowflake.connector.connection","filename":"connection.py","lineno":1709}
{"timestamp":"2026-02-23T04:11:56.839113Z","level":"info","event":"Snowflake Connector for Python Version: 4.3.0, Python Version: 3.13.11, Platform: macOS-15.4.1-arm64-arm-64bit-Mach-O","logger":"snowflake.connector.connection","filename":"connection.py","lineno":613}
{"timestamp":"2026-02-23T04:11:56.839349Z","level":"info","event":"Connecting to GLOBAL Snowflake domain","logger":"snowflake.connector.connection","filename":"connection.py","lineno":1709}
{"timestamp":"2026-02-23T04:11:58.653635Z","level":"info","event":"Snowflake Connector for Python Version: 4.3.0, Python Version: 3.13.11, Platform: macOS-15.4.1-arm64-arm-64bit-Mach-O","logger":"snowflake.connector.connection","filename":"connection.py","lineno":613}
{"timestamp":"2026-02-23T04:11:58.653837Z","level":"info","event":"Connecting to GLOBAL Snowflake domain","logger":"snowflake.connector.connection","filename":"connection.py","lineno":1709}
{"timestamp":"2026-02-23T04:12:00.493892Z","level":"info","event":"Snowflake Connector for Python Version: 4.3.0, Python Version: 3.13.11, Platform: macOS-15.4.1-arm64-arm-64bit-Mach-O","logger":"snowflake.connector.connection","filename":"connection.py","lineno":613}
{"timestamp":"2026-02-23T04:12:00.494110Z","level":"info","event":"Connecting to GLOBAL Snowflake domain","logger":"snowflake.connector.connection","filename":"connection.py","lineno":1709}
{"timestamp":"2026-02-23T04:12:02.485704Z","level":"info","event":"Snowflake Connector for Python Version: 4.3.0, Python Version: 3.13.11, Platform: macOS-15.4.1-arm64-arm-64bit-Mach-O","logger":"snowflake.connector.connection","filename":"connection.py","lineno":613}
{"timestamp":"2026-02-23T04:12:02.485940Z","level":"info","event":"Connecting to GLOBAL Snowflake domain","logger":"snowflake.connector.connection","filename":"connection.py","lineno":1709}
{"timestamp":"2026-02-23T04:12:04.280288Z","level":"info","event":"Snowflake Connector for Python Version: 4.3.0, Python Version: 3.13.11, Platform: macOS-15.4.1-arm64-arm-64bit-Mach-O","logger":"snowflake.connector.connection","filename":"connection.py","lineno":613}
{"timestamp":"2026-02-23T04:12:04.280479Z","level":"info","event":"Connecting to GLOBAL Snowflake domain","logger":"snowflake.connector.connection","filename":"connection.py","lineno":1709}
{"timestamp":"2026-02-23T04:12:06.752915Z","level":"info","event":"Snowflake Connector for Python Version: 4.3.0, Python Version: 3.13.11, Platform: macOS-15.4.1-arm64-arm-64bit-Mach-O","logger":"snowflake.connector.connection","filename":"connection.py","lineno":613}
{"timestamp":"2026-02-23T04:12:06.753139Z","level":"info","event":"Connecting to GLOBAL Snowflake domain","logger":"snowflake.connector.connection","filename":"connection.py","lineno":1709}
{"timestamp":"2026-02-23T04:12:09.337842Z","level":"info","event":"Snowflake Connector for Python Version: 4.3.0, Python Version: 3.13.11, Platform: macOS-15.4.1-arm64-arm-64bit-Mach-O","logger":"snowflake.connector.connection","filename":"connection.py","lineno":613}
{"timestamp":"2026-02-23T04:12:09.338054Z","level":"info","event":"Connecting to GLOBAL Snowflake domain","logger":"snowflake.connector.connection","filename":"connection.py","lineno":1709}
{"timestamp":"2026-02-23T04:12:13.682207Z","level":"info","event":"Done. Returned value was: {'total': 20, 'success': [{'table': 'TEMPCLAIMDIAGNOSIS', 'rows_inserted': 819}, {'table': 'TEMPCLAIMDIAGNOSISAUDR', 'rows_inserted': 2536}, {'table': 'TOSCHARGEPATIENTOUTSTANDING', 'rows_inserted': 93}, {'table': 'TRANSACTION', 'rows_inserted': 7576}, {'table': 'TRANSACTIONBILLINGBATCH', 'rows_inserted': 1139}, {'table': 'TRANSACTIONEXTENSION', 'rows_inserted': 277}, {'table': 'TRANSACTIONEXTENSIONAUDIT', 'rows_inserted': 233}, {'table': 'UNAPPLIED', 'rows_inserted': 204}, {'table': 'UNPOSTABLE', 'rows_inserted': 1033}, {'table': 'UNPOSTABLEAUDIT', 'rows_inserted': 3535}, {'table': 'UNPOSTABLENOTE', 'rows_inserted': 745}], 'failed': [], 'no_data': ['TELEHEALTHVISITUSEREVENT', 'TERMINAL', 'TIMESHEET', 'TIMESHEETBATCH', 'TIMESHEETENTRY', 'TIMESHEETENTRYTRANSACTION', 'TIMEZONECONFIGURATION', 'TRIBALAFFILIATION', 'UNITOFMEASURE']}","logger":"airflow.task.operators.airflow.providers.standard.decorators.python._PythonDecoratedOperator","filename":"python.py","lineno":230}
{"timestamp":"2026-02-23T04:12:13.682414Z","level":"info","event":"Pushing xcom","ti":"RuntimeTaskInstance(id=UUID('019c88a9-0537-70c4-9f0f-9248c3aa089c'), task_id='extract_batch', dag_id='snowflake_incremental_extraction', run_id='manual__2026-02-23T04:01:35.089295+00:00', try_number=1, dag_version_id=UUID('019c88a7-ba07-7776-b5d2-771d2921abd7'), map_index=36, hostname='ndais-mac-studio.local', context_carrier={}, task=<Task(_PythonDecoratedOperator): extract_batch>, bundle_instance=LocalDagBundle(name=dags-folder), max_tries=0, start_date=datetime.datetime(2026, 2, 23, 4, 11, 24, 743294, tzinfo=datetime.timezone.utc), end_date=None, state=<TaskInstanceState.RUNNING: 'running'>, is_mapped=True, rendered_map_index=None)","logger":"task","filename":"task_runner.py","lineno":1522}
