{"timestamp":"2026-02-23T04:07:26.605118Z","level":"info","event":"DAG bundles loaded: dags-folder","logger":"airflow.dag_processing.bundles.manager.DagBundlesManager","filename":"manager.py","lineno":179}
{"timestamp":"2026-02-23T04:07:26.605633Z","level":"info","event":"Filling up the DagBag from /Users/ndaident/Desktop/Airflow_Automation/airflow_home/dags/extraction_dag.py","logger":"airflow.models.dagbag.BundleDagBag","filename":"dagbag.py","lineno":593}
{"timestamp":"2026-02-23T04:07:27.009077Z","level":"info","event":"Snowflake Connector for Python Version: 4.3.0, Python Version: 3.13.11, Platform: macOS-15.4.1-arm64-arm-64bit-Mach-O","logger":"snowflake.connector.connection","filename":"connection.py","lineno":613}
{"timestamp":"2026-02-23T04:07:27.009406Z","level":"info","event":"Connecting to GLOBAL Snowflake domain","logger":"snowflake.connector.connection","filename":"connection.py","lineno":1709}
{"timestamp":"2026-02-23T04:07:29.097870Z","level":"info","event":"Snowflake Connector for Python Version: 4.3.0, Python Version: 3.13.11, Platform: macOS-15.4.1-arm64-arm-64bit-Mach-O","logger":"snowflake.connector.connection","filename":"connection.py","lineno":613}
{"timestamp":"2026-02-23T04:07:29.098094Z","level":"info","event":"Connecting to GLOBAL Snowflake domain","logger":"snowflake.connector.connection","filename":"connection.py","lineno":1709}
{"timestamp":"2026-02-23T04:07:31.105406Z","level":"info","event":"Snowflake Connector for Python Version: 4.3.0, Python Version: 3.13.11, Platform: macOS-15.4.1-arm64-arm-64bit-Mach-O","logger":"snowflake.connector.connection","filename":"connection.py","lineno":613}
{"timestamp":"2026-02-23T04:07:31.105662Z","level":"info","event":"Connecting to GLOBAL Snowflake domain","logger":"snowflake.connector.connection","filename":"connection.py","lineno":1709}
{"timestamp":"2026-02-23T04:07:33.004308Z","level":"info","event":"Snowflake Connector for Python Version: 4.3.0, Python Version: 3.13.11, Platform: macOS-15.4.1-arm64-arm-64bit-Mach-O","logger":"snowflake.connector.connection","filename":"connection.py","lineno":613}
{"timestamp":"2026-02-23T04:07:33.004508Z","level":"info","event":"Connecting to GLOBAL Snowflake domain","logger":"snowflake.connector.connection","filename":"connection.py","lineno":1709}
{"timestamp":"2026-02-23T04:07:37.011474Z","level":"info","event":"Snowflake Connector for Python Version: 4.3.0, Python Version: 3.13.11, Platform: macOS-15.4.1-arm64-arm-64bit-Mach-O","logger":"snowflake.connector.connection","filename":"connection.py","lineno":613}
{"timestamp":"2026-02-23T04:07:37.011717Z","level":"info","event":"Connecting to GLOBAL Snowflake domain","logger":"snowflake.connector.connection","filename":"connection.py","lineno":1709}
{"timestamp":"2026-02-23T04:07:39.851820Z","level":"info","event":"Snowflake Connector for Python Version: 4.3.0, Python Version: 3.13.11, Platform: macOS-15.4.1-arm64-arm-64bit-Mach-O","logger":"snowflake.connector.connection","filename":"connection.py","lineno":613}
{"timestamp":"2026-02-23T04:07:39.852055Z","level":"info","event":"Connecting to GLOBAL Snowflake domain","logger":"snowflake.connector.connection","filename":"connection.py","lineno":1709}
{"timestamp":"2026-02-23T04:07:41.805678Z","level":"info","event":"Snowflake Connector for Python Version: 4.3.0, Python Version: 3.13.11, Platform: macOS-15.4.1-arm64-arm-64bit-Mach-O","logger":"snowflake.connector.connection","filename":"connection.py","lineno":613}
{"timestamp":"2026-02-23T04:07:41.805897Z","level":"info","event":"Connecting to GLOBAL Snowflake domain","logger":"snowflake.connector.connection","filename":"connection.py","lineno":1709}
{"timestamp":"2026-02-23T04:07:43.717886Z","level":"info","event":"Snowflake Connector for Python Version: 4.3.0, Python Version: 3.13.11, Platform: macOS-15.4.1-arm64-arm-64bit-Mach-O","logger":"snowflake.connector.connection","filename":"connection.py","lineno":613}
{"timestamp":"2026-02-23T04:07:43.718061Z","level":"info","event":"Connecting to GLOBAL Snowflake domain","logger":"snowflake.connector.connection","filename":"connection.py","lineno":1709}
{"timestamp":"2026-02-23T04:07:45.680049Z","level":"info","event":"Snowflake Connector for Python Version: 4.3.0, Python Version: 3.13.11, Platform: macOS-15.4.1-arm64-arm-64bit-Mach-O","logger":"snowflake.connector.connection","filename":"connection.py","lineno":613}
{"timestamp":"2026-02-23T04:07:45.680269Z","level":"info","event":"Connecting to GLOBAL Snowflake domain","logger":"snowflake.connector.connection","filename":"connection.py","lineno":1709}
{"timestamp":"2026-02-23T04:07:47.912322Z","level":"info","event":"Snowflake Connector for Python Version: 4.3.0, Python Version: 3.13.11, Platform: macOS-15.4.1-arm64-arm-64bit-Mach-O","logger":"snowflake.connector.connection","filename":"connection.py","lineno":613}
{"timestamp":"2026-02-23T04:07:47.912515Z","level":"info","event":"Connecting to GLOBAL Snowflake domain","logger":"snowflake.connector.connection","filename":"connection.py","lineno":1709}
{"timestamp":"2026-02-23T04:07:51.696625Z","level":"info","event":"Snowflake Connector for Python Version: 4.3.0, Python Version: 3.13.11, Platform: macOS-15.4.1-arm64-arm-64bit-Mach-O","logger":"snowflake.connector.connection","filename":"connection.py","lineno":613}
{"timestamp":"2026-02-23T04:07:51.696850Z","level":"info","event":"Connecting to GLOBAL Snowflake domain","logger":"snowflake.connector.connection","filename":"connection.py","lineno":1709}
{"timestamp":"2026-02-23T04:07:53.668419Z","level":"info","event":"Snowflake Connector for Python Version: 4.3.0, Python Version: 3.13.11, Platform: macOS-15.4.1-arm64-arm-64bit-Mach-O","logger":"snowflake.connector.connection","filename":"connection.py","lineno":613}
{"timestamp":"2026-02-23T04:07:53.668652Z","level":"info","event":"Connecting to GLOBAL Snowflake domain","logger":"snowflake.connector.connection","filename":"connection.py","lineno":1709}
{"timestamp":"2026-02-23T04:07:55.595479Z","level":"info","event":"Snowflake Connector for Python Version: 4.3.0, Python Version: 3.13.11, Platform: macOS-15.4.1-arm64-arm-64bit-Mach-O","logger":"snowflake.connector.connection","filename":"connection.py","lineno":613}
{"timestamp":"2026-02-23T04:07:55.595693Z","level":"info","event":"Connecting to GLOBAL Snowflake domain","logger":"snowflake.connector.connection","filename":"connection.py","lineno":1709}
{"timestamp":"2026-02-23T04:07:57.642721Z","level":"info","event":"Snowflake Connector for Python Version: 4.3.0, Python Version: 3.13.11, Platform: macOS-15.4.1-arm64-arm-64bit-Mach-O","logger":"snowflake.connector.connection","filename":"connection.py","lineno":613}
{"timestamp":"2026-02-23T04:07:57.642928Z","level":"info","event":"Connecting to GLOBAL Snowflake domain","logger":"snowflake.connector.connection","filename":"connection.py","lineno":1709}
{"timestamp":"2026-02-23T04:08:01.640234Z","level":"info","event":"Snowflake Connector for Python Version: 4.3.0, Python Version: 3.13.11, Platform: macOS-15.4.1-arm64-arm-64bit-Mach-O","logger":"snowflake.connector.connection","filename":"connection.py","lineno":613}
{"timestamp":"2026-02-23T04:08:01.640460Z","level":"info","event":"Connecting to GLOBAL Snowflake domain","logger":"snowflake.connector.connection","filename":"connection.py","lineno":1709}
{"timestamp":"2026-02-23T04:08:04.530644Z","level":"info","event":"Snowflake Connector for Python Version: 4.3.0, Python Version: 3.13.11, Platform: macOS-15.4.1-arm64-arm-64bit-Mach-O","logger":"snowflake.connector.connection","filename":"connection.py","lineno":613}
{"timestamp":"2026-02-23T04:08:04.530890Z","level":"info","event":"Connecting to GLOBAL Snowflake domain","logger":"snowflake.connector.connection","filename":"connection.py","lineno":1709}
{"timestamp":"2026-02-23T04:08:06.451061Z","level":"info","event":"Snowflake Connector for Python Version: 4.3.0, Python Version: 3.13.11, Platform: macOS-15.4.1-arm64-arm-64bit-Mach-O","logger":"snowflake.connector.connection","filename":"connection.py","lineno":613}
{"timestamp":"2026-02-23T04:08:06.451259Z","level":"info","event":"Connecting to GLOBAL Snowflake domain","logger":"snowflake.connector.connection","filename":"connection.py","lineno":1709}
{"timestamp":"2026-02-23T04:08:08.834770Z","level":"info","event":"Snowflake Connector for Python Version: 4.3.0, Python Version: 3.13.11, Platform: macOS-15.4.1-arm64-arm-64bit-Mach-O","logger":"snowflake.connector.connection","filename":"connection.py","lineno":613}
{"timestamp":"2026-02-23T04:08:08.834981Z","level":"info","event":"Connecting to GLOBAL Snowflake domain","logger":"snowflake.connector.connection","filename":"connection.py","lineno":1709}
{"timestamp":"2026-02-23T04:08:11.146265Z","level":"info","event":"Snowflake Connector for Python Version: 4.3.0, Python Version: 3.13.11, Platform: macOS-15.4.1-arm64-arm-64bit-Mach-O","logger":"snowflake.connector.connection","filename":"connection.py","lineno":613}
{"timestamp":"2026-02-23T04:08:11.146459Z","level":"info","event":"Connecting to GLOBAL Snowflake domain","logger":"snowflake.connector.connection","filename":"connection.py","lineno":1709}
{"timestamp":"2026-02-23T04:08:13.209804Z","level":"info","event":"Snowflake Connector for Python Version: 4.3.0, Python Version: 3.13.11, Platform: macOS-15.4.1-arm64-arm-64bit-Mach-O","logger":"snowflake.connector.connection","filename":"connection.py","lineno":613}
{"timestamp":"2026-02-23T04:08:13.210032Z","level":"info","event":"Connecting to GLOBAL Snowflake domain","logger":"snowflake.connector.connection","filename":"connection.py","lineno":1709}
{"timestamp":"2026-02-23T04:08:15.233222Z","level":"info","event":"Done. Returned value was: {'total': 20, 'success': [{'table': 'QMRESULT', 'rows_inserted': 5141}, {'table': 'RCNRAMATTRVAL', 'rows_inserted': 48}, {'table': 'RCNSUGGESTIONMAPPING', 'rows_inserted': 81}], 'failed': [], 'no_data': ['PROVIDERNUMBERDEPARTMENT', 'PROVIDERPROFILE', 'PROVIDERRECORDNUMBER', 'PROVIDERTYPE', 'PROVIDERTYPEFEESCHEDULE', 'PUBLICHEALTHREGISTRY', 'PUBLICHEALTHREGISTRYSTATUS', 'QMCAMPAIGN', 'QMPARAMETEROVERRIDE', 'QNRMETAQUESTION', 'QNRMETAQUESTIONANSWER', 'QUESTIONNAIREQUESTION', 'QUESTIONNAIREQUESTIONANSWER', 'QUESTIONNAIRETEMPLATEQUESTION', 'RAMATTRIBUTE', 'RECORDNUMBERCATEGORY', 'RECORDNUMBERCATEGORYAUDR']}","logger":"airflow.task.operators.airflow.providers.standard.decorators.python._PythonDecoratedOperator","filename":"python.py","lineno":230}
{"timestamp":"2026-02-23T04:08:15.233401Z","level":"info","event":"Pushing xcom","ti":"RuntimeTaskInstance(id=UUID('019c88a9-0480-750b-8a4a-5b518f5f80c5'), task_id='extract_batch', dag_id='snowflake_incremental_extraction', run_id='manual__2026-02-22T08:16:31.695327+00:00', try_number=1, dag_version_id=UUID('019c88a7-ba07-7776-b5d2-771d2921abd7'), map_index=31, hostname='ndais-mac-studio.local', context_carrier={}, task=<Task(_PythonDecoratedOperator): extract_batch>, bundle_instance=LocalDagBundle(name=dags-folder), max_tries=0, start_date=datetime.datetime(2026, 2, 23, 4, 7, 26, 583721, tzinfo=datetime.timezone.utc), end_date=None, state=<TaskInstanceState.RUNNING: 'running'>, is_mapped=True, rendered_map_index=None)","logger":"task","filename":"task_runner.py","lineno":1522}
