{"timestamp":"2026-02-23T04:10:27.399381Z","level":"info","event":"DAG bundles loaded: dags-folder","logger":"airflow.dag_processing.bundles.manager.DagBundlesManager","filename":"manager.py","lineno":179}
{"timestamp":"2026-02-23T04:10:27.399789Z","level":"info","event":"Filling up the DagBag from /Users/ndaident/Desktop/Airflow_Automation/airflow_home/dags/extraction_dag.py","logger":"airflow.models.dagbag.BundleDagBag","filename":"dagbag.py","lineno":593}
{"timestamp":"2026-02-23T04:10:27.795744Z","level":"info","event":"Snowflake Connector for Python Version: 4.3.0, Python Version: 3.13.11, Platform: macOS-15.4.1-arm64-arm-64bit-Mach-O","logger":"snowflake.connector.connection","filename":"connection.py","lineno":613}
{"timestamp":"2026-02-23T04:10:27.796033Z","level":"info","event":"Connecting to GLOBAL Snowflake domain","logger":"snowflake.connector.connection","filename":"connection.py","lineno":1709}
{"timestamp":"2026-02-23T04:10:31.713352Z","level":"info","event":"Snowflake Connector for Python Version: 4.3.0, Python Version: 3.13.11, Platform: macOS-15.4.1-arm64-arm-64bit-Mach-O","logger":"snowflake.connector.connection","filename":"connection.py","lineno":613}
{"timestamp":"2026-02-23T04:10:31.713581Z","level":"info","event":"Connecting to GLOBAL Snowflake domain","logger":"snowflake.connector.connection","filename":"connection.py","lineno":1709}
{"timestamp":"2026-02-23T04:10:34.455775Z","level":"info","event":"Snowflake Connector for Python Version: 4.3.0, Python Version: 3.13.11, Platform: macOS-15.4.1-arm64-arm-64bit-Mach-O","logger":"snowflake.connector.connection","filename":"connection.py","lineno":613}
{"timestamp":"2026-02-23T04:10:34.455955Z","level":"info","event":"Connecting to GLOBAL Snowflake domain","logger":"snowflake.connector.connection","filename":"connection.py","lineno":1709}
{"timestamp":"2026-02-23T04:10:36.338094Z","level":"info","event":"Snowflake Connector for Python Version: 4.3.0, Python Version: 3.13.11, Platform: macOS-15.4.1-arm64-arm-64bit-Mach-O","logger":"snowflake.connector.connection","filename":"connection.py","lineno":613}
{"timestamp":"2026-02-23T04:10:36.338304Z","level":"info","event":"Connecting to GLOBAL Snowflake domain","logger":"snowflake.connector.connection","filename":"connection.py","lineno":1709}
{"timestamp":"2026-02-23T04:10:38.824070Z","level":"info","event":"Snowflake Connector for Python Version: 4.3.0, Python Version: 3.13.11, Platform: macOS-15.4.1-arm64-arm-64bit-Mach-O","logger":"snowflake.connector.connection","filename":"connection.py","lineno":613}
{"timestamp":"2026-02-23T04:10:38.824295Z","level":"info","event":"Connecting to GLOBAL Snowflake domain","logger":"snowflake.connector.connection","filename":"connection.py","lineno":1709}
{"timestamp":"2026-02-23T04:10:40.575550Z","level":"info","event":"Snowflake Connector for Python Version: 4.3.0, Python Version: 3.13.11, Platform: macOS-15.4.1-arm64-arm-64bit-Mach-O","logger":"snowflake.connector.connection","filename":"connection.py","lineno":613}
{"timestamp":"2026-02-23T04:10:40.575718Z","level":"info","event":"Connecting to GLOBAL Snowflake domain","logger":"snowflake.connector.connection","filename":"connection.py","lineno":1709}
{"timestamp":"2026-02-23T04:10:42.357979Z","level":"info","event":"Snowflake Connector for Python Version: 4.3.0, Python Version: 3.13.11, Platform: macOS-15.4.1-arm64-arm-64bit-Mach-O","logger":"snowflake.connector.connection","filename":"connection.py","lineno":613}
{"timestamp":"2026-02-23T04:10:42.358205Z","level":"info","event":"Connecting to GLOBAL Snowflake domain","logger":"snowflake.connector.connection","filename":"connection.py","lineno":1709}
{"timestamp":"2026-02-23T04:10:44.574556Z","level":"info","event":"Snowflake Connector for Python Version: 4.3.0, Python Version: 3.13.11, Platform: macOS-15.4.1-arm64-arm-64bit-Mach-O","logger":"snowflake.connector.connection","filename":"connection.py","lineno":613}
{"timestamp":"2026-02-23T04:10:44.574774Z","level":"info","event":"Connecting to GLOBAL Snowflake domain","logger":"snowflake.connector.connection","filename":"connection.py","lineno":1709}
{"timestamp":"2026-02-23T04:10:46.727018Z","level":"info","event":"Snowflake Connector for Python Version: 4.3.0, Python Version: 3.13.11, Platform: macOS-15.4.1-arm64-arm-64bit-Mach-O","logger":"snowflake.connector.connection","filename":"connection.py","lineno":613}
{"timestamp":"2026-02-23T04:10:46.727237Z","level":"info","event":"Connecting to GLOBAL Snowflake domain","logger":"snowflake.connector.connection","filename":"connection.py","lineno":1709}
{"timestamp":"2026-02-23T04:10:48.546133Z","level":"info","event":"Snowflake Connector for Python Version: 4.3.0, Python Version: 3.13.11, Platform: macOS-15.4.1-arm64-arm-64bit-Mach-O","logger":"snowflake.connector.connection","filename":"connection.py","lineno":613}
{"timestamp":"2026-02-23T04:10:48.546358Z","level":"info","event":"Connecting to GLOBAL Snowflake domain","logger":"snowflake.connector.connection","filename":"connection.py","lineno":1709}
{"timestamp":"2026-02-23T04:10:50.394577Z","level":"info","event":"Snowflake Connector for Python Version: 4.3.0, Python Version: 3.13.11, Platform: macOS-15.4.1-arm64-arm-64bit-Mach-O","logger":"snowflake.connector.connection","filename":"connection.py","lineno":613}
{"timestamp":"2026-02-23T04:10:50.394793Z","level":"info","event":"Connecting to GLOBAL Snowflake domain","logger":"snowflake.connector.connection","filename":"connection.py","lineno":1709}
{"timestamp":"2026-02-23T04:10:53.037390Z","level":"info","event":"Snowflake Connector for Python Version: 4.3.0, Python Version: 3.13.11, Platform: macOS-15.4.1-arm64-arm-64bit-Mach-O","logger":"snowflake.connector.connection","filename":"connection.py","lineno":613}
{"timestamp":"2026-02-23T04:10:53.037596Z","level":"info","event":"Connecting to GLOBAL Snowflake domain","logger":"snowflake.connector.connection","filename":"connection.py","lineno":1709}
{"timestamp":"2026-02-23T04:10:56.874391Z","level":"info","event":"Snowflake Connector for Python Version: 4.3.0, Python Version: 3.13.11, Platform: macOS-15.4.1-arm64-arm-64bit-Mach-O","logger":"snowflake.connector.connection","filename":"connection.py","lineno":613}
{"timestamp":"2026-02-23T04:10:56.874621Z","level":"info","event":"Connecting to GLOBAL Snowflake domain","logger":"snowflake.connector.connection","filename":"connection.py","lineno":1709}
{"timestamp":"2026-02-23T04:10:59.614252Z","level":"info","event":"Snowflake Connector for Python Version: 4.3.0, Python Version: 3.13.11, Platform: macOS-15.4.1-arm64-arm-64bit-Mach-O","logger":"snowflake.connector.connection","filename":"connection.py","lineno":613}
{"timestamp":"2026-02-23T04:10:59.614456Z","level":"info","event":"Connecting to GLOBAL Snowflake domain","logger":"snowflake.connector.connection","filename":"connection.py","lineno":1709}
{"timestamp":"2026-02-23T04:11:01.399004Z","level":"info","event":"Snowflake Connector for Python Version: 4.3.0, Python Version: 3.13.11, Platform: macOS-15.4.1-arm64-arm-64bit-Mach-O","logger":"snowflake.connector.connection","filename":"connection.py","lineno":613}
{"timestamp":"2026-02-23T04:11:01.399176Z","level":"info","event":"Connecting to GLOBAL Snowflake domain","logger":"snowflake.connector.connection","filename":"connection.py","lineno":1709}
{"timestamp":"2026-02-23T04:11:03.134690Z","level":"info","event":"Snowflake Connector for Python Version: 4.3.0, Python Version: 3.13.11, Platform: macOS-15.4.1-arm64-arm-64bit-Mach-O","logger":"snowflake.connector.connection","filename":"connection.py","lineno":613}
{"timestamp":"2026-02-23T04:11:03.134905Z","level":"info","event":"Connecting to GLOBAL Snowflake domain","logger":"snowflake.connector.connection","filename":"connection.py","lineno":1709}
{"timestamp":"2026-02-23T04:11:04.884400Z","level":"info","event":"Snowflake Connector for Python Version: 4.3.0, Python Version: 3.13.11, Platform: macOS-15.4.1-arm64-arm-64bit-Mach-O","logger":"snowflake.connector.connection","filename":"connection.py","lineno":613}
{"timestamp":"2026-02-23T04:11:04.884622Z","level":"info","event":"Connecting to GLOBAL Snowflake domain","logger":"snowflake.connector.connection","filename":"connection.py","lineno":1709}
{"timestamp":"2026-02-23T04:11:06.705672Z","level":"info","event":"Snowflake Connector for Python Version: 4.3.0, Python Version: 3.13.11, Platform: macOS-15.4.1-arm64-arm-64bit-Mach-O","logger":"snowflake.connector.connection","filename":"connection.py","lineno":613}
{"timestamp":"2026-02-23T04:11:06.705869Z","level":"info","event":"Connecting to GLOBAL Snowflake domain","logger":"snowflake.connector.connection","filename":"connection.py","lineno":1709}
{"timestamp":"2026-02-23T04:11:08.480278Z","level":"info","event":"Snowflake Connector for Python Version: 4.3.0, Python Version: 3.13.11, Platform: macOS-15.4.1-arm64-arm-64bit-Mach-O","logger":"snowflake.connector.connection","filename":"connection.py","lineno":613}
{"timestamp":"2026-02-23T04:11:08.480505Z","level":"info","event":"Connecting to GLOBAL Snowflake domain","logger":"snowflake.connector.connection","filename":"connection.py","lineno":1709}
{"timestamp":"2026-02-23T04:11:10.241931Z","level":"info","event":"Snowflake Connector for Python Version: 4.3.0, Python Version: 3.13.11, Platform: macOS-15.4.1-arm64-arm-64bit-Mach-O","logger":"snowflake.connector.connection","filename":"connection.py","lineno":613}
{"timestamp":"2026-02-23T04:11:10.242135Z","level":"info","event":"Connecting to GLOBAL Snowflake domain","logger":"snowflake.connector.connection","filename":"connection.py","lineno":1709}
{"timestamp":"2026-02-23T04:11:12.015302Z","level":"info","event":"Done. Returned value was: {'total': 20, 'success': [{'table': 'PDMPREPORTLOG', 'rows_inserted': 34}, {'table': 'PORTALADOPTIONACTION', 'rows_inserted': 2235}, {'table': 'PORTALFORMSECTIONSTATUS', 'rows_inserted': 12}, {'table': 'PORTALTHIRDPARTYUSER', 'rows_inserted': 1036}, {'table': 'PORTALUSERMAPPING', 'rows_inserted': 200}, {'table': 'PORTALUSERPERMISSION', 'rows_inserted': 196}, {'table': 'PRACTICEROLE', 'rows_inserted': 1}, {'table': 'PRACTICEROLEUSER', 'rows_inserted': 1}], 'failed': [], 'no_data': ['PLACEOFSERVICE', 'PMGMESSAGINGCONTENT', 'PORTALADOPTIONACTIONCLASS', 'PORTALFORM', 'PORTALFORMSECTION', 'PORTALFORMSIGNATURE', 'PORTALSETTING', 'PORTALUSERRELATIONSHIP', 'POSTOPERATIVECOMPLICATION', 'PRACTICEROLEDEPARTMENT', 'PREPAYMENT', 'PREPAYMENTCLAIMS']}","logger":"airflow.task.operators.airflow.providers.standard.decorators.python._PythonDecoratedOperator","filename":"python.py","lineno":230}
{"timestamp":"2026-02-23T04:11:12.015481Z","level":"info","event":"Pushing xcom","ti":"RuntimeTaskInstance(id=UUID('019c88a9-0530-7b5c-8a1b-b59f41ab5581'), task_id='extract_batch', dag_id='snowflake_incremental_extraction', run_id='manual__2026-02-23T04:01:35.089295+00:00', try_number=1, dag_version_id=UUID('019c88a7-ba07-7776-b5d2-771d2921abd7'), map_index=29, hostname='ndais-mac-studio.local', context_carrier={}, task=<Task(_PythonDecoratedOperator): extract_batch>, bundle_instance=LocalDagBundle(name=dags-folder), max_tries=0, start_date=datetime.datetime(2026, 2, 23, 4, 10, 27, 374273, tzinfo=datetime.timezone.utc), end_date=None, state=<TaskInstanceState.RUNNING: 'running'>, is_mapped=True, rendered_map_index=None)","logger":"task","filename":"task_runner.py","lineno":1522}
